Memory "-Xms8M -Xss64M -Xmx512M"
run MemoryTest.jar on 36

WIN, flags="-XX:NewRatio=5"

"11.0.3" real		0m1.591s
"12.0.1" real		0m1.388s
"1.8.0_212" real	0m1.759s
"11.0.3" real		0m1.261s
"12.0.1" real		0m1.304s
"1.8.0_212" real	0m2.868s <------ TL
"11.0.1" real   	0m1.276s
"13-ea" real		0m1.523s

WIN, flags="-XX:NewRatio=5 -XX:+UseSerialGC -XX:TieredStopAtLevel=1"

"11.0.3" real		0m1.731s
"12.0.1" real		0m1.923s
"1.8.0_212" real	0m1.881s
"11.0.3" real		0m1.982s
"12.0.1" real		0m1.804s
"1.8.0_212" real	0m1.790s
"11.0.1" real		0m1.699s
"13-ea" real		0m1.659s
